<?xml version="1.0" encoding="UTF-8"?>
<!-- Generated by org.testng.reporters.JUnitReportReporter -->
<testsuite hostname="DESKTOP-A7A9ID0" failures="0" tests="1" name="test_fj.inu1" time="0.007" errors="0" timestamp="2020-01-24T16:15:58 EST" skipped="0">
  <testcase classname="test_fj.inu1" name="f" time="0.007"/>
</testsuite> <!-- test_fj.inu1 -->
